Release 14.7 - xst P.20131013 (nt64)
Copyright (c) 1995-2013 Xilinx, Inc.  All rights reserved.
--> Parameter TMPDIR set to xst/projnav.tmp


Total REAL time to Xst completion: 0.00 secs
Total CPU time to Xst completion: 0.08 secs
 
--> Parameter xsthdpdir set to xst


Total REAL time to Xst completion: 0.00 secs
Total CPU time to Xst completion: 0.08 secs
 
--> Reading design: DataPath.prj

TABLE OF CONTENTS
  1) Synthesis Options Summary
  2) HDL Compilation
  3) Design Hierarchy Analysis
  4) HDL Analysis
  5) HDL Synthesis
     5.1) HDL Synthesis Report
  6) Advanced HDL Synthesis
     6.1) Advanced HDL Synthesis Report
  7) Low Level Synthesis
  8) Partition Report
  9) Final Report
	9.1) Device utilization summary
	9.2) Partition Resource Summary
	9.3) TIMING REPORT


=========================================================================
*                      Synthesis Options Summary                        *
=========================================================================
---- Source Parameters
Input File Name                    : "DataPath.prj"
Input Format                       : mixed
Ignore Synthesis Constraint File   : NO

---- Target Parameters
Output File Name                   : "DataPath"
Output Format                      : NGC
Target Device                      : xc3s100e-5-cp132

---- Source Options
Top Module Name                    : DataPath
Automatic FSM Extraction           : YES
FSM Encoding Algorithm             : Auto
Safe Implementation                : No
FSM Style                          : LUT
RAM Extraction                     : Yes
RAM Style                          : Auto
ROM Extraction                     : Yes
Mux Style                          : Auto
Decoder Extraction                 : YES
Priority Encoder Extraction        : Yes
Shift Register Extraction          : YES
Logical Shifter Extraction         : YES
XOR Collapsing                     : YES
ROM Style                          : Auto
Mux Extraction                     : Yes
Resource Sharing                   : YES
Asynchronous To Synchronous        : NO
Multiplier Style                   : Auto
Automatic Register Balancing       : No

---- Target Options
Add IO Buffers                     : YES
Global Maximum Fanout              : 100000
Add Generic Clock Buffer(BUFG)     : 24
Register Duplication               : YES
Slice Packing                      : YES
Optimize Instantiated Primitives   : NO
Use Clock Enable                   : Yes
Use Synchronous Set                : Yes
Use Synchronous Reset              : Yes
Pack IO Registers into IOBs        : Auto
Equivalent register Removal        : YES

---- General Options
Optimization Goal                  : Speed
Optimization Effort                : 1
Keep Hierarchy                     : No
Netlist Hierarchy                  : As_Optimized
RTL Output                         : Yes
Global Optimization                : AllClockNets
Read Cores                         : YES
Write Timing Constraints           : NO
Cross Clock Analysis               : NO
Hierarchy Separator                : /
Bus Delimiter                      : <>
Case Specifier                     : Maintain
Slice Utilization Ratio            : 100
BRAM Utilization Ratio             : 100
Verilog 2001                       : YES
Auto BRAM Packing                  : NO
Slice Utilization Ratio Delta      : 5

=========================================================================


=========================================================================
*                          HDL Compilation                              *
=========================================================================
Compiling vhdl file "C:/Users/Boris_2/Documents/MIPS 445/project2/Dflipflop.vhd" in Library work.
Architecture behavioral of Entity dflipflop is up to date.
Compiling vhdl file "C:/Users/Boris_2/Documents/MIPS 445/project2/thirty_two_bit_register.vhd" in Library work.
Architecture structural of Entity thirty_two_bit_register is up to date.
Compiling vhdl file "C:/Users/Boris_2/Documents/MIPS 445/project2/alu(1).vhd" in Library work.
Architecture behavioral of Entity alu is up to date.
Compiling vhdl file "C:/Users/Boris_2/Documents/MIPS 445/project2/ALUControl.vhd" in Library work.
Architecture behavioral of Entity alucontrol is up to date.
Compiling vhdl file "C:/Users/Boris_2/Documents/MIPS 445/project2/ControlUnit.vhd" in Library work.
Architecture behavioral of Entity controlunit is up to date.
Compiling vhdl file "C:/Users/Boris_2/Documents/MIPS 445/project2/instmem(1).vhd" in Library work.
Architecture behavioral of Entity instmem is up to date.
Compiling vhdl file "C:/Users/Boris_2/Documents/MIPS 445/project2/PC.vhd" in Library work.
Architecture structural of Entity pc is up to date.
Compiling vhdl file "C:/Users/Boris_2/Documents/MIPS 445/project2/PCADD.vhd" in Library work.
Architecture behavioral of Entity pcadd is up to date.
Compiling vhdl file "C:/Users/Boris_2/Documents/MIPS 445/project2/regfile.vhd" in Library work.
Architecture behavioral of Entity regfile is up to date.
Compiling verilog file "DataPath.vf" in library work
Module <DataPath> compiled
No errors in compilation
Analysis of file <"DataPath.prj"> succeeded.
 

=========================================================================
*                     Design Hierarchy Analysis                         *
=========================================================================
Analyzing hierarchy for module <DataPath> in library <work>.

Analyzing hierarchy for entity <alu> in library <work> (architecture <behavioral>).

Analyzing hierarchy for entity <controlunit> in library <work> (architecture <behavioral>).

Analyzing hierarchy for entity <pc> in library <work> (architecture <structural>).

Analyzing hierarchy for entity <pcadd> in library <work> (architecture <behavioral>).

Analyzing hierarchy for entity <instmem> in library <work> (architecture <behavioral>).

Analyzing hierarchy for entity <regfile> in library <work> (architecture <behavioral>).

Analyzing hierarchy for entity <alucontrol> in library <work> (architecture <behavioral>).

Analyzing hierarchy for entity <thirty_two_bit_register> in library <work> (architecture <structural>).

Analyzing hierarchy for entity <Dflipflop> in library <work> (architecture <Behavioral>).


=========================================================================
*                            HDL Analysis                               *
=========================================================================
Analyzing top module <DataPath>.
WARNING:Xst:852 - "DataPath.vf" line 41: Unconnected input port 'Carryin' of instance 'XLXI_1' is tied to GND.
Module <DataPath> is correct for synthesis.
 
Analyzing Entity <alu> in library <work> (Architecture <behavioral>).
Entity <alu> analyzed. Unit <alu> generated.

Analyzing Entity <controlunit> in library <work> (Architecture <behavioral>).
Entity <controlunit> analyzed. Unit <controlunit> generated.

Analyzing Entity <pc> in library <work> (Architecture <structural>).
ERROR:Xst:1931 - "C:/Users/Boris_2/Documents/MIPS 445/project2/PC.vhd" line 32: Port <pcout> of module <pc> is missing in instance interface.
--> 

Total memory usage is 252900 kilobytes

Number of errors   :    1 (   0 filtered)
Number of warnings :    1 (   0 filtered)
Number of infos    :    0 (   0 filtered)

